<?xml version="1.0" encoding="UTF-8"?>
<testsuite name="com.sliit.ssmts.ui.profile.ProfileViewModelTest" tests="9" skipped="0" failures="0" errors="0" timestamp="2026-09-22T10:32:22.984Z" hostname="DESKTOP-F7HJGDP" time="0.022">
  <properties/>
  <testcase name="logout_ClearsRepositorySessionAndInvokesCallback" classname="com.sliit.ssmts.ui.profile.ProfileViewModelTest" time="0.003"/>
  <testcase name="updateProfile_WithValidDetails_UpdatesProfileStateAndEmitsSuccess" classname="com.sliit.ssmts.ui.profile.ProfileViewModelTest" time="0.003"/>
  <testcase name="changePassword_WithInvalidCurrentPassword_EmitsErrorState" classname="com.sliit.ssmts.ui.profile.ProfileViewModelTest" time="0.002"/>
  <testcase name="requestDeactivation_WithValidReason_EmitsSuccessAndClearsSession" classname="com.sliit.ssmts.ui.profile.ProfileViewModelTest" time="0.003"/>
  <testcase name="updateProfile_WithNetworkError_EmitsUpdateErrorState" classname="com.sliit.ssmts.ui.profile.ProfileViewModelTest" time="0.002"/>
  <testcase name="changePassword_WithValidCredentials_EmitsSuccessState" classname="com.sliit.ssmts.ui.profile.ProfileViewModelTest" time="0.002"/>
  <testcase name="deleteAccount_WithMismatchedEmail_EmitsErrorState" classname="com.sliit.ssmts.ui.profile.ProfileViewModelTest" time="0.002"/>
  <testcase name="deleteAccount_WithMatchingEmail_EmitsSuccessState" classname="com.sliit.ssmts.ui.profile.ProfileViewModelTest" time="0.002"/>
  <testcase name="init_LoadsCachedSessionAndEmitsSuccessState" classname="com.sliit.ssmts.ui.profile.ProfileViewModelTest" time="0.001"/>
  <system-out><![CDATA[]]></system-out>
  <system-err><![CDATA[]]></system-err>
</testsuite>
